2022-04-03 19:55:45,552:INFO:Initializing compare_models()
2022-04-03 19:55:45,553:INFO:compare_models(include=None, fold=None, round=4, cross_validation=True, sort=R2, n_select=1, budget_time=None, turbo=True, errors=ignore, fit_kwargs=None, groups=None, probability_threshold=None, verbose=True, display=None, exclude=None)
2022-04-03 19:55:45,553:INFO:Checking exceptions
2022-04-03 19:57:24,371:INFO:PyCaret Supervised Module
2022-04-03 19:57:24,372:INFO:ML Usecase: regression
2022-04-03 19:57:24,373:INFO:version 2.3.6
2022-04-03 19:57:24,374:INFO:Initializing setup()
2022-04-03 19:57:24,374:INFO:setup(target=0      0
1      1
2      1
3      1
4      0
      ..
886    0
887    1
888    0
889    1
890    0
Name: Survived, Length: 891, dtype: int64, ml_usecase=regression, available_plots={'parameter': 'Hyperparameters', 'residuals': 'Residuals', 'error': 'Prediction Error', 'cooks': 'Cooks Distance', 'rfe': 'Feature Selection', 'learning': 'Learning Curve', 'manifold': 'Manifold Learning', 'vc': 'Validation Curve', 'feature': 'Feature Importance', 'feature_all': 'Feature Importance (All)', 'tree': 'Decision Tree', 'residuals_interactive': 'Interactive Residuals'}, train_size=0.7, test_data=None, preprocess=True, imputation_type=simple, iterative_imputation_iters=5, categorical_features=None, categorical_imputation=constant, categorical_iterative_imputer=lightgbm, ordinal_features=None, high_cardinality_features=None, high_cardinality_method=frequency, numeric_features=None, numeric_imputation=mean, numeric_iterative_imputer=lightgbm, date_features=None, ignore_features=None, normalize=False, normalize_method=zscore, transformation=False, transformation_method=yeo-johnson, handle_unknown_categorical=True, unknown_categorical_method=least_frequent, pca=False, pca_method=linear, pca_components=None, ignore_low_variance=False, combine_rare_levels=False, rare_level_threshold=0.1, bin_numeric_features=None, remove_outliers=False, outliers_threshold=0.05, remove_multicollinearity=False, multicollinearity_threshold=0.9, remove_perfect_collinearity=True, create_clusters=False, cluster_iter=20, polynomial_features=False, polynomial_degree=2, trigonometry_features=False, polynomial_threshold=0.1, group_features=None, group_names=None, feature_selection=False, feature_selection_threshold=0.8, feature_selection_method=classic, feature_interaction=False, feature_ratio=False, interaction_threshold=0.01, fix_imbalance=False, fix_imbalance_method=None, transform_target=True, transform_target_method=box-cox, data_split_shuffle=True, data_split_stratify=False, fold_strategy=kfold, fold=10, fold_shuffle=False, fold_groups=None, n_jobs=-1, use_gpu=False, custom_pipeline=None, html=True, session_id=None, log_experiment=False, experiment_name=None, log_plots=False, log_profile=False, log_data=False, silent=False, verbose=True, profile=False, profile_kwargs=None, display=None)
2022-04-03 19:57:24,375:INFO:Checking environment
2022-04-03 19:57:24,375:INFO:python_version: 3.9.7
2022-04-03 19:57:24,375:INFO:python_build: ('default', 'Sep 16 2021 16:59:28')
2022-04-03 19:57:24,376:INFO:machine: AMD64
2022-04-03 19:57:24,376:INFO:platform: Windows-10-10.0.19044-SP0
2022-04-03 19:57:24,376:INFO:Memory: svmem(total=8500908032, available=1022255104, percent=88.0, used=7478652928, free=1022255104)
2022-04-03 19:57:24,377:INFO:Physical Core: 2
2022-04-03 19:57:24,377:INFO:Logical Core: 4
2022-04-03 19:57:24,377:INFO:Checking libraries
2022-04-03 19:57:24,377:INFO:pd==1.3.4
2022-04-03 19:57:24,378:INFO:numpy==1.20.3
2022-04-03 19:57:24,378:INFO:sklearn==0.24.2
2022-04-03 20:20:10,925:INFO:PyCaret Supervised Module
2022-04-03 20:20:10,965:INFO:ML Usecase: regression
2022-04-03 20:20:10,965:INFO:version 2.3.6
2022-04-03 20:20:10,974:INFO:Initializing setup()
2022-04-03 20:20:10,975:INFO:setup(target=0      0
1      1
2      1
3      1
4      0
      ..
886    0
887    1
888    0
889    1
890    0
Name: Survived, Length: 891, dtype: int64, ml_usecase=regression, available_plots={'parameter': 'Hyperparameters', 'residuals': 'Residuals', 'error': 'Prediction Error', 'cooks': 'Cooks Distance', 'rfe': 'Feature Selection', 'learning': 'Learning Curve', 'manifold': 'Manifold Learning', 'vc': 'Validation Curve', 'feature': 'Feature Importance', 'feature_all': 'Feature Importance (All)', 'tree': 'Decision Tree', 'residuals_interactive': 'Interactive Residuals'}, train_size=0.7, test_data=None, preprocess=True, imputation_type=simple, iterative_imputation_iters=5, categorical_features=None, categorical_imputation=constant, categorical_iterative_imputer=lightgbm, ordinal_features=None, high_cardinality_features=None, high_cardinality_method=frequency, numeric_features=None, numeric_imputation=mean, numeric_iterative_imputer=lightgbm, date_features=None, ignore_features=None, normalize=False, normalize_method=zscore, transformation=False, transformation_method=yeo-johnson, handle_unknown_categorical=True, unknown_categorical_method=least_frequent, pca=False, pca_method=linear, pca_components=None, ignore_low_variance=False, combine_rare_levels=False, rare_level_threshold=0.1, bin_numeric_features=None, remove_outliers=False, outliers_threshold=0.05, remove_multicollinearity=False, multicollinearity_threshold=0.9, remove_perfect_collinearity=True, create_clusters=False, cluster_iter=20, polynomial_features=False, polynomial_degree=2, trigonometry_features=False, polynomial_threshold=0.1, group_features=None, group_names=None, feature_selection=False, feature_selection_threshold=0.8, feature_selection_method=classic, feature_interaction=False, feature_ratio=False, interaction_threshold=0.01, fix_imbalance=False, fix_imbalance_method=None, transform_target=True, transform_target_method=box-cox, data_split_shuffle=True, data_split_stratify=False, fold_strategy=kfold, fold=10, fold_shuffle=False, fold_groups=None, n_jobs=-1, use_gpu=False, custom_pipeline=None, html=True, session_id=None, log_experiment=False, experiment_name=None, log_plots=False, log_profile=False, log_data=False, silent=False, verbose=True, profile=False, profile_kwargs=None, display=None)
2022-04-03 20:20:11,004:INFO:Checking environment
2022-04-03 20:20:11,004:INFO:python_version: 3.9.7
2022-04-03 20:20:11,005:INFO:python_build: ('default', 'Sep 16 2021 16:59:28')
2022-04-03 20:20:11,023:INFO:machine: AMD64
2022-04-03 20:20:11,023:INFO:platform: Windows-10-10.0.19044-SP0
2022-04-03 20:20:11,049:INFO:Memory: svmem(total=8500908032, available=954822656, percent=88.8, used=7546085376, free=954822656)
2022-04-03 20:20:11,050:INFO:Physical Core: 2
2022-04-03 20:20:11,050:INFO:Logical Core: 4
2022-04-03 20:20:11,050:INFO:Checking libraries
2022-04-03 20:20:11,050:INFO:pd==1.3.4
2022-04-03 20:20:11,051:INFO:numpy==1.20.3
2022-04-03 20:20:11,081:INFO:sklearn==0.24.2
2022-04-03 20:26:13,803:INFO:PyCaret Supervised Module
2022-04-03 20:26:13,803:INFO:ML Usecase: regression
2022-04-03 20:26:13,803:INFO:version 2.3.6
2022-04-03 20:26:13,804:INFO:Initializing setup()
2022-04-03 20:26:13,804:INFO:setup(target=0      0
1      1
2      1
3      1
4      0
      ..
886    0
887    1
888    0
889    1
890    0
Name: Survived, Length: 891, dtype: int64, ml_usecase=regression, available_plots={'parameter': 'Hyperparameters', 'residuals': 'Residuals', 'error': 'Prediction Error', 'cooks': 'Cooks Distance', 'rfe': 'Feature Selection', 'learning': 'Learning Curve', 'manifold': 'Manifold Learning', 'vc': 'Validation Curve', 'feature': 'Feature Importance', 'feature_all': 'Feature Importance (All)', 'tree': 'Decision Tree', 'residuals_interactive': 'Interactive Residuals'}, train_size=0.7, test_data=None, preprocess=True, imputation_type=simple, iterative_imputation_iters=5, categorical_features=None, categorical_imputation=constant, categorical_iterative_imputer=lightgbm, ordinal_features=None, high_cardinality_features=None, high_cardinality_method=frequency, numeric_features=None, numeric_imputation=mean, numeric_iterative_imputer=lightgbm, date_features=None, ignore_features=None, normalize=False, normalize_method=zscore, transformation=False, transformation_method=yeo-johnson, handle_unknown_categorical=True, unknown_categorical_method=least_frequent, pca=False, pca_method=linear, pca_components=None, ignore_low_variance=False, combine_rare_levels=False, rare_level_threshold=0.1, bin_numeric_features=None, remove_outliers=False, outliers_threshold=0.05, remove_multicollinearity=False, multicollinearity_threshold=0.9, remove_perfect_collinearity=True, create_clusters=False, cluster_iter=20, polynomial_features=False, polynomial_degree=2, trigonometry_features=False, polynomial_threshold=0.1, group_features=None, group_names=None, feature_selection=False, feature_selection_threshold=0.8, feature_selection_method=classic, feature_interaction=False, feature_ratio=False, interaction_threshold=0.01, fix_imbalance=False, fix_imbalance_method=None, transform_target=True, transform_target_method=box-cox, data_split_shuffle=True, data_split_stratify=False, fold_strategy=kfold, fold=10, fold_shuffle=False, fold_groups=None, n_jobs=-1, use_gpu=False, custom_pipeline=None, html=True, session_id=None, log_experiment=False, experiment_name=None, log_plots=False, log_profile=False, log_data=False, silent=False, verbose=True, profile=False, profile_kwargs=None, display=None)
2022-04-03 20:26:13,804:INFO:Checking environment
2022-04-03 20:26:13,805:INFO:python_version: 3.9.7
2022-04-03 20:26:13,805:INFO:python_build: ('default', 'Sep 16 2021 16:59:28')
2022-04-03 20:26:13,805:INFO:machine: AMD64
2022-04-03 20:26:13,805:INFO:platform: Windows-10-10.0.19044-SP0
2022-04-03 20:26:13,805:INFO:Memory: svmem(total=8500908032, available=1322004480, percent=84.4, used=7178903552, free=1322004480)
2022-04-03 20:26:13,805:INFO:Physical Core: 2
2022-04-03 20:26:13,806:INFO:Logical Core: 4
2022-04-03 20:26:13,806:INFO:Checking libraries
2022-04-03 20:26:13,806:INFO:pd==1.3.4
2022-04-03 20:26:13,806:INFO:numpy==1.20.3
2022-04-03 20:26:13,806:INFO:sklearn==0.24.2
